Internal inconsistency in menus - menu <NSMenu: 0xa7b70c080>
    Title: PaperMD
    Supermenu: 0xa7b026780 (Main Menu), autoenable: YES
    Previous menu: 0x0 (None)
    Next menu: 0x0 (None)
    Items:     (
        "<NSMenuItem: 0xa7a8110e0 About PaperMD>",
        "<NSMenuItem: 0xa7a811180, separator, ke mask='<none>'>",
        "<NSMenuItem: 0xa7a811220 Preferences\U2026, ke='Command-,'>",
        "<NSMenuItem: 0xa7a8112c0, separator, ke mask='<none>'>",
        "<NSMenuItem: 0xa7a811360 Hide PaperMD, ke='Command-H'>",
        "<NSMenuItem: 0xa7a811400 Hide Others, ke='Command-H'>",
        "<NSMenuItem: 0xa7a8114a0 Show All>",
        "<NSMenuItem: 0xa7a811540, separator, ke mask='<none>'>",
        "<NSMenuItem: 0xa7a8115e0 Quit PaperMD, ke='Command-Q'>"
    ) believes it has <NSMenu: 0xa7b026780>
    Title: Main Menu
    Supermenu: 0x0 (None), autoenable: YES
    Previous menu: 0x0 (None)
    Next menu: 0x0 (None)
    Items:     (
    ) as a supermenu, but the supermenu does not seem to have any item with that submenu
Internal inconsistency in menus - menu <NSMenu: 0xa7b70c0c0>
    Title: File
    Supermenu: 0xa7b026780 (Main Menu), autoenable: YES
    Previous menu: 0x0 (None)
    Next menu: 0x0 (None)
    Items:     (
        "<NSMenuItem: 0xa7a811720 New, ke='Command-N'>",
        "<NSMenuItem: 0xa7a8117c0 Open\U2026, ke='Command-O'>",
        "<NSMenuItem: 0xa7a811860, separator, ke mask='<none>'>",
        "<NSMenuItem: 0xa7a811900 Close, ke='Command-W'>",
        "<NSMenuItem: 0xa7a8119a0 Save, ke='Command-S'>",
        "<NSMenuItem: 0xa7a811a40 Save As\U2026, ke='Shift-Command-S'>"
    ) believes it has <NSMenu: 0xa7b026780>
    Title: Main Menu
    Supermenu: 0x0 (None), autoenable: YES
    Previous menu: 0x0 (None)
    Next menu: 0x0 (None)
    Items:     (
    ) as a supermenu, but the supermenu does not seem to have any item with that submenu
Internal inconsistency in menus - menu <NSMenu: 0xa7b70c100>
    Title: Edit
    Supermenu: 0xa7b026780 (Main Menu), autoenable: YES
    Previous menu: 0x0 (None)
    Next menu: 0x0 (None)
    Items:     (
        "<NSMenuItem: 0xa7a811b80 Undo, ke='Command-Z'>",
        "<NSMenuItem: 0xa7a811c20 Redo, ke='Shift-Command-Z'>",
        "<NSMenuItem: 0xa7a811cc0, separator, ke mask='<none>'>",
        "<NSMenuItem: 0xa7a811d60 Cut, ke='Command-X'>",
        "<NSMenuItem: 0xa7a811e00 Copy, ke='Command-C'>",
        "<NSMenuItem: 0xa7a811ea0 Paste, ke='Command-V'>",
        "<NSMenuItem: 0xa7a811f40 Select All, ke='Command-A'>"
    ) believes it has <NSMenu: 0xa7b026780>
    Title: Main Menu
    Supermenu: 0x0 (None), autoenable: YES
    Previous menu: 0x0 (None)
    Next menu: 0x0 (None)
    Items:     (
    ) as a supermenu, but the supermenu does not seem to have any item with that submenu
Internal inconsistency in menus - menu <NSMenu: 0xa7b70c140>
    Title: View
    Supermenu: 0xa7b026780 (Main Menu), autoenable: YES
    Previous menu: 0x0 (None)
    Next menu: 0x0 (None)
    Items:     (
        "<NSMenuItem: 0xa7a812080 Toggle Sidebar, ke='Command-S'>"
    ) believes it has <NSMenu: 0xa7b026780>
    Title: Main Menu
    Supermenu: 0x0 (None), autoenable: YES
    Previous menu: 0x0 (None)
    Next menu: 0x0 (None)
    Items:     (
    ) as a supermenu, but the supermenu does not seem to have any item with that submenu
Internal inconsistency in menus - menu <NSMenu: 0xa7b70c180>
    Title: Window
    Supermenu: 0xa7b026780 (Main Menu), autoenable: YES
    Previous menu: 0x0 (None)
    Next menu: 0x0 (None)
    Items:     (
        "<NSMenuItem: 0xa7a8121c0 Minimize, ke='Command-M'>",
        "<NSMenuItem: 0xa7a812260 Zoom>",
        "<NSMenuItem: 0xa7a812300, separator, ke mask='<none>'>",
        "<NSMenuItem: 0xa7a8123a0 Bring All to Front>"
    ) believes it has <NSMenu: 0xa7b026780>
    Title: Main Menu
    Supermenu: 0x0 (None), autoenable: YES
    Previous menu: 0x0 (None)
    Next menu: 0x0 (None)
    Items:     (
    ) as a supermenu, but the supermenu does not seem to have any item with that submenu
Internal inconsistency in menus - menu <NSMenu: 0xa7b70c1c0>
    Title: Help
    Supermenu: 0xa7b026780 (Main Menu), autoenable: YES
    Previous menu: 0x0 (None)
    Next menu: 0x0 (None)
    Items:     (
        "<NSMenuItem: 0xa7a8124e0 PaperMD Help, ke='Command-?'>"
    ) believes it has <NSMenu: 0xa7b026780>
    Title: Main Menu
    Supermenu: 0x0 (None), autoenable: YES
    Previous menu: 0x0 (None)
    Next menu: 0x0 (None)
    Items:     (
    ) as a supermenu, but the supermenu does not seem to have any item with that submenu
PaperMD: Application did finish launching
PaperMD: 1 document(s) already exist
Unable to obtain a task name port right for pid 400: (os/kern) failure (0x5)
PaperMD: data(ofType:) called, returning 58 characters
unable to get a dev_t for store 1795162192.
cannot open file at line 51040 of [f0ca7bba1c]
os_unix.c:51040: (2) open(/private/var/db/DetachedSignatures) - No such file or directory